<?xml version="1.0" encoding="UTF-8"?>
<testsuite xmlns:xsi="http://www.w3.org/2001/XMLSchema-instance" xsi:noNamespaceSchemaLocation="https://maven.apache.org/surefire/maven-surefire-plugin/xsd/surefire-test-report.xsd" name="edu.ucdenver.ccp.esm.ESMTest" time="1.228" tests="5" errors="0" skipped="0" failures="0">
  <properties>
    <property name="sun.desktop" value="windows"/>
    <property name="awt.toolkit" value="sun.awt.windows.WToolkit"/>
    <property name="file.encoding.pkg" value="sun.io"/>
    <property name="java.specification.version" value="1.8"/>
    <property name="sun.cpu.isalist" value="amd64"/>
    <property name="sun.jnu.encoding" value="GBK"/>
    <property name="java.class.path" value="D:\722\code\ESM-4.0\target\test-classes;D:\722\code\ESM-4.0\target\classes;D:\maven\apache-maven-3.6.1\repository\edu\ucdenver\ccp\biolemmatizer-core\1.1\biolemmatizer-core-1.1.jar;D:\maven\apache-maven-3.6.1\repository\edu\northwestern\at\morphadorner\2009-04-30\morphadorner-2009-04-30.jar;D:\maven\apache-maven-3.6.1\repository\args4j\args4j\2.0.12\args4j-2.0.12.jar;D:\maven\apache-maven-3.6.1\repository\org\neo4j\neo4j\3.5.5\neo4j-3.5.5.jar;D:\maven\apache-maven-3.6.1\repository\org\neo4j\neo4j-kernel\3.5.5\neo4j-kernel-3.5.5.jar;D:\maven\apache-maven-3.6.1\repository\org\neo4j\neo4j-annotation-processors\3.5.5\neo4j-annotation-processors-3.5.5.jar;D:\maven\apache-maven-3.6.1\repository\org\neo4j\neo4j-graphdb-api\3.5.5\neo4j-graphdb-api-3.5.5.jar;D:\maven\apache-maven-3.6.1\repository\org\neo4j\neo4j-resource\3.5.5\neo4j-resource-3.5.5.jar;D:\maven\apache-maven-3.6.1\repository\org\neo4j\neo4j-procedure-api\3.5.5\neo4j-procedure-api-3.5.5.jar;D:\maven\apache-maven-3.6.1\repository\org\neo4j\neo4j-kernel-api\3.5.5\neo4j-kernel-api-3.5.5.jar;D:\maven\apache-maven-3.6.1\repository\org\neo4j\neo4j-diagnostics\3.5.5\neo4j-diagnostics-3.5.5.jar;D:\maven\apache-maven-3.6.1\repository\org\neo4j\neo4j-common\3.5.5\neo4j-common-3.5.5.jar;D:\maven\apache-maven-3.6.1\repository\org\neo4j\neo4j-values\3.5.5\neo4j-values-3.5.5.jar;D:\maven\apache-maven-3.6.1\repository\org\neo4j\neo4j-collections\3.5.5\neo4j-collections-3.5.5.jar;D:\maven\apache-maven-3.6.1\repository\org\neo4j\neo4j-unsafe\3.5.5\neo4j-unsafe-3.5.5.jar;D:\maven\apache-maven-3.6.1\repository\org\neo4j\neo4j-io\3.5.5\neo4j-io-3.5.5.jar;D:\maven\apache-maven-3.6.1\repository\org\neo4j\neo4j-concurrent\3.5.5\neo4j-concurrent-3.5.5.jar;D:\maven\apache-maven-3.6.1\repository\org\neo4j\neo4j-csv\3.5.5\neo4j-csv-3.5.5.jar;D:\maven\apache-maven-3.6.1\repository\org\neo4j\neo4j-logging\3.5.5\neo4j-logging-3.5.5.jar;D:\maven\apache-maven-3.6.1\repository\org\neo4j\neo4j-lucene-upgrade\3.5.5\neo4j-lucene-upgrade-3.5.5.jar;D:\maven\apache-maven-3.6.1\repository\org\apache\lucene\lucene-core\5.5.5\lucene-core-5.5.5.jar;D:\maven\apache-maven-3.6.1\repository\org\neo4j\neo4j-configuration\3.5.5\neo4j-configuration-3.5.5.jar;D:\maven\apache-maven-3.6.1\repository\org\neo4j\neo4j-index\3.5.5\neo4j-index-3.5.5.jar;D:\maven\apache-maven-3.6.1\repository\org\neo4j\neo4j-spatial-index\3.5.5\neo4j-spatial-index-3.5.5.jar;D:\maven\apache-maven-3.6.1\repository\org\neo4j\neo4j-ssl\3.5.5\neo4j-ssl-3.5.5.jar;D:\maven\apache-maven-3.6.1\repository\org\eclipse\collections\eclipse-collections\9.2.0\eclipse-collections-9.2.0.jar;D:\maven\apache-maven-3.6.1\repository\org\eclipse\collections\eclipse-collections-api\9.2.0\eclipse-collections-api-9.2.0.jar;D:\maven\apache-maven-3.6.1\repository\org\neo4j\neo4j-lucene-index\3.5.5\neo4j-lucene-index-3.5.5.jar;D:\maven\apache-maven-3.6.1\repository\org\apache\lucene\lucene-analyzers-common\5.5.5\lucene-analyzers-common-5.5.5.jar;D:\maven\apache-maven-3.6.1\repository\org\apache\lucene\lucene-queryparser\5.5.5\lucene-queryparser-5.5.5.jar;D:\maven\apache-maven-3.6.1\repository\org\apache\lucene\lucene-codecs\5.5.5\lucene-codecs-5.5.5.jar;D:\maven\apache-maven-3.6.1\repository\org\neo4j\neo4j-fulltext-index\3.5.5\neo4j-fulltext-index-3.5.5.jar;D:\maven\apache-maven-3.6.1\repository\org\neo4j\neo4j-graph-algo\3.5.5\neo4j-graph-algo-3.5.5.jar;D:\maven\apache-maven-3.6.1\repository\org\neo4j\neo4j-udc\3.5.5\neo4j-udc-3.5.5.jar;D:\maven\apache-maven-3.6.1\repository\org\neo4j\neo4j-data-collector\3.5.5\neo4j-data-collector-3.5.5.jar;D:\maven\apache-maven-3.6.1\repository\org\scala-lang\scala-library\2.11.12\scala-library-2.11.12.jar;D:\maven\apache-maven-3.6.1\repository\org\scala-lang\scala-reflect\2.11.12\scala-reflect-2.11.12.jar;D:\maven\apache-maven-3.6.1\repository\org\neo4j\neo4j-parser-3.5\3.5.5\neo4j-parser-3.5-3.5.5.jar;D:\maven\apache-maven-3.6.1\repository\org\neo4j\neo4j-ast-3.5\3.5.5\neo4j-ast-3.5-3.5.5.jar;D:\maven\apache-maven-3.6.1\repository\org\neo4j\neo4j-expressions-3.5\3.5.5\neo4j-expressions-3.5-3.5.5.jar;D:\maven\apache-maven-3.6.1\repository\org\neo4j\neo4j-rewriting-3.5\3.5.5\neo4j-rewriting-3.5-3.5.5.jar;D:\maven\apache-maven-3.6.1\repository\org\neo4j\neo4j-cypher\3.5.5\neo4j-cypher-3.5.5.jar;D:\maven\apache-maven-3.6.1\repository\org\neo4j\neo4j-graph-matching\3.1.9\neo4j-graph-matching-3.1.9.jar;D:\maven\apache-maven-3.6.1\repository\org\neo4j\neo4j-codegen\3.5.5\neo4j-codegen-3.5.5.jar;D:\maven\apache-maven-3.6.1\repository\org\ow2\asm\asm\6.2\asm-6.2.jar;D:\maven\apache-maven-3.6.1\repository\org\ow2\asm\asm-util\6.2\asm-util-6.2.jar;D:\maven\apache-maven-3.6.1\repository\org\ow2\asm\asm-analysis\6.2\asm-analysis-6.2.jar;D:\maven\apache-maven-3.6.1\repository\org\ow2\asm\asm-tree\6.2\asm-tree-6.2.jar;D:\maven\apache-maven-3.6.1\repository\org\apache\commons\commons-text\1.4\commons-text-1.4.jar;D:\maven\apache-maven-3.6.1\repository\org\neo4j\neo4j-cypher-compiler-2.3\2.3.12\neo4j-cypher-compiler-2.3-2.3.12.jar;D:\maven\apache-maven-3.6.1\repository\org\neo4j\neo4j-cypher-frontend-2.3\2.3.12\neo4j-cypher-frontend-2.3-2.3.12.jar;D:\maven\apache-maven-3.6.1\repository\com\googlecode\concurrentlinkedhashmap\concurrentlinkedhashmap-lru\1.4.2\concurrentlinkedhashmap-lru-1.4.2.jar;D:\maven\apache-maven-3.6.1\repository\org\neo4j\neo4j-cypher-compiler-3.1\3.1.9\neo4j-cypher-compiler-3.1-3.1.9.jar;D:\maven\apache-maven-3.6.1\repository\org\neo4j\neo4j-cypher-frontend-3.1\3.1.9\neo4j-cypher-frontend-3.1-3.1.9.jar;D:\maven\apache-maven-3.6.1\repository\com\github\ben-manes\caffeine\caffeine\2.3.3\caffeine-2.3.3.jar;D:\maven\apache-maven-3.6.1\repository\org\neo4j\neo4j-cypher-planner-3.4\3.4.12\neo4j-cypher-planner-3.4-3.4.12.jar;D:\maven\apache-maven-3.6.1\repository\org\neo4j\openCypher-frontend-1\3.4.12\openCypher-frontend-1-3.4.12.jar;D:\maven\apache-maven-3.6.1\repository\org\neo4j\neo4j-cypher-util-3.4\3.4.12\neo4j-cypher-util-3.4-3.4.12.jar;D:\maven\apache-maven-3.6.1\repository\org\neo4j\neo4j-cypher-expression-3.4\3.4.12\neo4j-cypher-expression-3.4-3.4.12.jar;D:\maven\apache-maven-3.6.1\repository\org\neo4j\neo4j-cypher-ir-3.4\3.4.12\neo4j-cypher-ir-3.4-3.4.12.jar;D:\maven\apache-maven-3.6.1\repository\org\neo4j\neo4j-cypher-logical-plans-3.4\3.4.12\neo4j-cypher-logical-plans-3.4-3.4.12.jar;D:\maven\apache-maven-3.6.1\repository\org\neo4j\neo4j-cypher-planner-spi-3.4\3.4.12\neo4j-cypher-planner-spi-3.4-3.4.12.jar;D:\maven\apache-maven-3.6.1\repository\org\neo4j\neo4j-legacy\3.5.5\neo4j-legacy-3.5.5.jar;D:\maven\apache-maven-3.6.1\repository\org\neo4j\neo4j-util-3.5\3.5.5\neo4j-util-3.5-3.5.5.jar;D:\maven\apache-maven-3.6.1\repository\org\neo4j\neo4j-cypher-planner-3.5\3.5.5\neo4j-cypher-planner-3.5-3.5.5.jar;D:\maven\apache-maven-3.6.1\repository\org\neo4j\neo4j-cypher-ir-3.5\3.5.5\neo4j-cypher-ir-3.5-3.5.5.jar;D:\maven\apache-maven-3.6.1\repository\org\neo4j\neo4j-front-end-3.5\3.5.5\neo4j-front-end-3.5-3.5.5.jar;D:\maven\apache-maven-3.6.1\repository\org\neo4j\neo4j-cypher-logical-plans-3.5\3.5.5\neo4j-cypher-logical-plans-3.5-3.5.5.jar;D:\maven\apache-maven-3.6.1\repository\org\neo4j\neo4j-cypher-planner-spi-3.5\3.5.5\neo4j-cypher-planner-spi-3.5-3.5.5.jar;D:\maven\apache-maven-3.6.1\repository\org\neo4j\neo4j-cypher-runtime-util\3.5.5\neo4j-cypher-runtime-util-3.5.5.jar;D:\maven\apache-maven-3.6.1\repository\org\neo4j\neo4j-cypher-interpreted-runtime\3.5.5\neo4j-cypher-interpreted-runtime-3.5.5.jar;D:\maven\apache-maven-3.6.1\repository\org\parboiled\parboiled-scala_2.11\1.1.7\parboiled-scala_2.11-1.1.7.jar;D:\maven\apache-maven-3.6.1\repository\org\parboiled\parboiled-core\1.1.7\parboiled-core-1.1.7.jar;D:\maven\apache-maven-3.6.1\repository\net\sf\opencsv\opencsv\2.3\opencsv-2.3.jar;D:\maven\apache-maven-3.6.1\repository\org\apache\commons\commons-lang3\3.8\commons-lang3-3.8.jar;D:\maven\apache-maven-3.6.1\repository\org\neo4j\neo4j-jmx\3.5.5\neo4j-jmx-3.5.5.jar;D:\maven\apache-maven-3.6.1\repository\org\neo4j\neo4j-bolt\3.5.5\neo4j-bolt-3.5.5.jar;D:\maven\apache-maven-3.6.1\repository\io\netty\netty-all\4.1.32.Final\netty-all-4.1.32.Final.jar;D:\maven\apache-maven-3.6.1\repository\org\bouncycastle\bcpkix-jdk15on\1.60\bcpkix-jdk15on-1.60.jar;D:\maven\apache-maven-3.6.1\repository\org\bouncycastle\bcprov-jdk15on\1.60\bcprov-jdk15on-1.60.jar;D:\maven\apache-maven-3.6.1\repository\org\neo4j\neo4j-consistency-check\3.5.5\neo4j-consistency-check-3.5.5.jar;D:\maven\apache-maven-3.6.1\repository\org\neo4j\neo4j-command-line\3.5.5\neo4j-command-line-3.5.5.jar;D:\maven\apache-maven-3.6.1\repository\org\neo4j\neo4j-dbms\3.5.5\neo4j-dbms-3.5.5.jar;D:\maven\apache-maven-3.6.1\repository\org\neo4j\neo4j-import-tool\3.5.5\neo4j-import-tool-3.5.5.jar;D:\maven\apache-maven-3.6.1\repository\org\jprocesses\jProcesses\1.6.4\jProcesses-1.6.4.jar;D:\maven\apache-maven-3.6.1\repository\com\profesorfalken\WMI4Java\1.6.1\WMI4Java-1.6.1.jar;D:\maven\apache-maven-3.6.1\repository\com\profesorfalken\jPowerShell\1.9\jPowerShell-1.9.jar;D:\maven\apache-maven-3.6.1\repository\org\apache\commons\commons-compress\1.18\commons-compress-1.18.jar;D:\maven\apache-maven-3.6.1\repository\org\neo4j\licensing-proxy\zstd-proxy\3.5.5\zstd-proxy-3.5.5.jar;D:\maven\apache-maven-3.6.1\repository\com\github\luben\zstd-jni\1.3.8-6\zstd-jni-1.3.8-6.jar;D:\java\jdk 8.0\jre\..\lib\tools.jar;D:\maven\apache-maven-3.6.1\repository\org\neo4j\driver\neo4j-java-driver\4.3.5\neo4j-java-driver-4.3.5.jar;D:\maven\apache-maven-3.6.1\repository\org\reactivestreams\reactive-streams\1.0.3\reactive-streams-1.0.3.jar;D:\maven\apache-maven-3.6.1\repository\junit\junit\4.8.2\junit-4.8.2.jar;D:\maven\apache-maven-3.6.1\repository\net\sf\jung\jung-graph-impl\2.0.1\jung-graph-impl-2.0.1.jar;D:\maven\apache-maven-3.6.1\repository\net\sf\jung\jung-api\2.0.1\jung-api-2.0.1.jar;D:\maven\apache-maven-3.6.1\repository\net\sourceforge\collections\collections-generic\4.01\collections-generic-4.01.jar;D:\maven\apache-maven-3.6.1\repository\org\junit\jupiter\junit-jupiter\5.11.0-M2\junit-jupiter-5.11.0-M2.jar;D:\maven\apache-maven-3.6.1\repository\org\junit\jupiter\junit-jupiter-api\5.11.0-M2\junit-jupiter-api-5.11.0-M2.jar;D:\maven\apache-maven-3.6.1\repository\org\opentest4j\opentest4j\1.3.0\opentest4j-1.3.0.jar;D:\maven\apache-maven-3.6.1\repository\org\junit\platform\junit-platform-commons\1.11.0-M2\junit-platform-commons-1.11.0-M2.jar;D:\maven\apache-maven-3.6.1\repository\org\apiguardian\apiguardian-api\1.1.2\apiguardian-api-1.1.2.jar;D:\maven\apache-maven-3.6.1\repository\org\junit\jupiter\junit-jupiter-params\5.11.0-M2\junit-jupiter-params-5.11.0-M2.jar;D:\maven\apache-maven-3.6.1\repository\org\junit\jupiter\junit-jupiter-engine\5.11.0-M2\junit-jupiter-engine-5.11.0-M2.jar;D:\maven\apache-maven-3.6.1\repository\org\junit\platform\junit-platform-engine\1.11.0-M2\junit-platform-engine-1.11.0-M2.jar;"/>
    <property name="java.vm.vendor" value="Oracle Corporation"/>
    <property name="sun.arch.data.model" value="64"/>
    <property name="user.variant" value=""/>
    <property name="java.vendor.url" value="http://java.oracle.com/"/>
    <property name="user.timezone" value="Asia/Shanghai"/>
    <property name="java.vm.specification.version" value="1.8"/>
    <property name="os.name" value="Windows 10"/>
    <property name="user.country" value="CN"/>
    <property name="sun.java.launcher" value="SUN_STANDARD"/>
    <property name="sun.boot.library.path" value="D:\java\jdk 8.0\jre\bin"/>
    <property name="sun.java.command" value="C:\Users\30990\AppData\Local\Temp\surefire3950442167329028015\surefirebooter1928876675823279928.jar C:\Users\30990\AppData\Local\Temp\surefire3950442167329028015 2024-07-30T20-42-04_747-jvmRun1 surefire8411924800639169646tmp surefire_08499449962263169548tmp"/>
    <property name="surefire.test.class.path" value="D:\722\code\ESM-4.0\target\test-classes;D:\722\code\ESM-4.0\target\classes;D:\maven\apache-maven-3.6.1\repository\edu\ucdenver\ccp\biolemmatizer-core\1.1\biolemmatizer-core-1.1.jar;D:\maven\apache-maven-3.6.1\repository\edu\northwestern\at\morphadorner\2009-04-30\morphadorner-2009-04-30.jar;D:\maven\apache-maven-3.6.1\repository\args4j\args4j\2.0.12\args4j-2.0.12.jar;D:\maven\apache-maven-3.6.1\repository\org\neo4j\neo4j\3.5.5\neo4j-3.5.5.jar;D:\maven\apache-maven-3.6.1\repository\org\neo4j\neo4j-kernel\3.5.5\neo4j-kernel-3.5.5.jar;D:\maven\apache-maven-3.6.1\repository\org\neo4j\neo4j-annotation-processors\3.5.5\neo4j-annotation-processors-3.5.5.jar;D:\maven\apache-maven-3.6.1\repository\org\neo4j\neo4j-graphdb-api\3.5.5\neo4j-graphdb-api-3.5.5.jar;D:\maven\apache-maven-3.6.1\repository\org\neo4j\neo4j-resource\3.5.5\neo4j-resource-3.5.5.jar;D:\maven\apache-maven-3.6.1\repository\org\neo4j\neo4j-procedure-api\3.5.5\neo4j-procedure-api-3.5.5.jar;D:\maven\apache-maven-3.6.1\repository\org\neo4j\neo4j-kernel-api\3.5.5\neo4j-kernel-api-3.5.5.jar;D:\maven\apache-maven-3.6.1\repository\org\neo4j\neo4j-diagnostics\3.5.5\neo4j-diagnostics-3.5.5.jar;D:\maven\apache-maven-3.6.1\repository\org\neo4j\neo4j-common\3.5.5\neo4j-common-3.5.5.jar;D:\maven\apache-maven-3.6.1\repository\org\neo4j\neo4j-values\3.5.5\neo4j-values-3.5.5.jar;D:\maven\apache-maven-3.6.1\repository\org\neo4j\neo4j-collections\3.5.5\neo4j-collections-3.5.5.jar;D:\maven\apache-maven-3.6.1\repository\org\neo4j\neo4j-unsafe\3.5.5\neo4j-unsafe-3.5.5.jar;D:\maven\apache-maven-3.6.1\repository\org\neo4j\neo4j-io\3.5.5\neo4j-io-3.5.5.jar;D:\maven\apache-maven-3.6.1\repository\org\neo4j\neo4j-concurrent\3.5.5\neo4j-concurrent-3.5.5.jar;D:\maven\apache-maven-3.6.1\repository\org\neo4j\neo4j-csv\3.5.5\neo4j-csv-3.5.5.jar;D:\maven\apache-maven-3.6.1\repository\org\neo4j\neo4j-logging\3.5.5\neo4j-logging-3.5.5.jar;D:\maven\apache-maven-3.6.1\repository\org\neo4j\neo4j-lucene-upgrade\3.5.5\neo4j-lucene-upgrade-3.5.5.jar;D:\maven\apache-maven-3.6.1\repository\org\apache\lucene\lucene-core\5.5.5\lucene-core-5.5.5.jar;D:\maven\apache-maven-3.6.1\repository\org\neo4j\neo4j-configuration\3.5.5\neo4j-configuration-3.5.5.jar;D:\maven\apache-maven-3.6.1\repository\org\neo4j\neo4j-index\3.5.5\neo4j-index-3.5.5.jar;D:\maven\apache-maven-3.6.1\repository\org\neo4j\neo4j-spatial-index\3.5.5\neo4j-spatial-index-3.5.5.jar;D:\maven\apache-maven-3.6.1\repository\org\neo4j\neo4j-ssl\3.5.5\neo4j-ssl-3.5.5.jar;D:\maven\apache-maven-3.6.1\repository\org\eclipse\collections\eclipse-collections\9.2.0\eclipse-collections-9.2.0.jar;D:\maven\apache-maven-3.6.1\repository\org\eclipse\collections\eclipse-collections-api\9.2.0\eclipse-collections-api-9.2.0.jar;D:\maven\apache-maven-3.6.1\repository\org\neo4j\neo4j-lucene-index\3.5.5\neo4j-lucene-index-3.5.5.jar;D:\maven\apache-maven-3.6.1\repository\org\apache\lucene\lucene-analyzers-common\5.5.5\lucene-analyzers-common-5.5.5.jar;D:\maven\apache-maven-3.6.1\repository\org\apache\lucene\lucene-queryparser\5.5.5\lucene-queryparser-5.5.5.jar;D:\maven\apache-maven-3.6.1\repository\org\apache\lucene\lucene-codecs\5.5.5\lucene-codecs-5.5.5.jar;D:\maven\apache-maven-3.6.1\repository\org\neo4j\neo4j-fulltext-index\3.5.5\neo4j-fulltext-index-3.5.5.jar;D:\maven\apache-maven-3.6.1\repository\org\neo4j\neo4j-graph-algo\3.5.5\neo4j-graph-algo-3.5.5.jar;D:\maven\apache-maven-3.6.1\repository\org\neo4j\neo4j-udc\3.5.5\neo4j-udc-3.5.5.jar;D:\maven\apache-maven-3.6.1\repository\org\neo4j\neo4j-data-collector\3.5.5\neo4j-data-collector-3.5.5.jar;D:\maven\apache-maven-3.6.1\repository\org\scala-lang\scala-library\2.11.12\scala-library-2.11.12.jar;D:\maven\apache-maven-3.6.1\repository\org\scala-lang\scala-reflect\2.11.12\scala-reflect-2.11.12.jar;D:\maven\apache-maven-3.6.1\repository\org\neo4j\neo4j-parser-3.5\3.5.5\neo4j-parser-3.5-3.5.5.jar;D:\maven\apache-maven-3.6.1\repository\org\neo4j\neo4j-ast-3.5\3.5.5\neo4j-ast-3.5-3.5.5.jar;D:\maven\apache-maven-3.6.1\repository\org\neo4j\neo4j-expressions-3.5\3.5.5\neo4j-expressions-3.5-3.5.5.jar;D:\maven\apache-maven-3.6.1\repository\org\neo4j\neo4j-rewriting-3.5\3.5.5\neo4j-rewriting-3.5-3.5.5.jar;D:\maven\apache-maven-3.6.1\repository\org\neo4j\neo4j-cypher\3.5.5\neo4j-cypher-3.5.5.jar;D:\maven\apache-maven-3.6.1\repository\org\neo4j\neo4j-graph-matching\3.1.9\neo4j-graph-matching-3.1.9.jar;D:\maven\apache-maven-3.6.1\repository\org\neo4j\neo4j-codegen\3.5.5\neo4j-codegen-3.5.5.jar;D:\maven\apache-maven-3.6.1\repository\org\ow2\asm\asm\6.2\asm-6.2.jar;D:\maven\apache-maven-3.6.1\repository\org\ow2\asm\asm-util\6.2\asm-util-6.2.jar;D:\maven\apache-maven-3.6.1\repository\org\ow2\asm\asm-analysis\6.2\asm-analysis-6.2.jar;D:\maven\apache-maven-3.6.1\repository\org\ow2\asm\asm-tree\6.2\asm-tree-6.2.jar;D:\maven\apache-maven-3.6.1\repository\org\apache\commons\commons-text\1.4\commons-text-1.4.jar;D:\maven\apache-maven-3.6.1\repository\org\neo4j\neo4j-cypher-compiler-2.3\2.3.12\neo4j-cypher-compiler-2.3-2.3.12.jar;D:\maven\apache-maven-3.6.1\repository\org\neo4j\neo4j-cypher-frontend-2.3\2.3.12\neo4j-cypher-frontend-2.3-2.3.12.jar;D:\maven\apache-maven-3.6.1\repository\com\googlecode\concurrentlinkedhashmap\concurrentlinkedhashmap-lru\1.4.2\concurrentlinkedhashmap-lru-1.4.2.jar;D:\maven\apache-maven-3.6.1\repository\org\neo4j\neo4j-cypher-compiler-3.1\3.1.9\neo4j-cypher-compiler-3.1-3.1.9.jar;D:\maven\apache-maven-3.6.1\repository\org\neo4j\neo4j-cypher-frontend-3.1\3.1.9\neo4j-cypher-frontend-3.1-3.1.9.jar;D:\maven\apache-maven-3.6.1\repository\com\github\ben-manes\caffeine\caffeine\2.3.3\caffeine-2.3.3.jar;D:\maven\apache-maven-3.6.1\repository\org\neo4j\neo4j-cypher-planner-3.4\3.4.12\neo4j-cypher-planner-3.4-3.4.12.jar;D:\maven\apache-maven-3.6.1\repository\org\neo4j\openCypher-frontend-1\3.4.12\openCypher-frontend-1-3.4.12.jar;D:\maven\apache-maven-3.6.1\repository\org\neo4j\neo4j-cypher-util-3.4\3.4.12\neo4j-cypher-util-3.4-3.4.12.jar;D:\maven\apache-maven-3.6.1\repository\org\neo4j\neo4j-cypher-expression-3.4\3.4.12\neo4j-cypher-expression-3.4-3.4.12.jar;D:\maven\apache-maven-3.6.1\repository\org\neo4j\neo4j-cypher-ir-3.4\3.4.12\neo4j-cypher-ir-3.4-3.4.12.jar;D:\maven\apache-maven-3.6.1\repository\org\neo4j\neo4j-cypher-logical-plans-3.4\3.4.12\neo4j-cypher-logical-plans-3.4-3.4.12.jar;D:\maven\apache-maven-3.6.1\repository\org\neo4j\neo4j-cypher-planner-spi-3.4\3.4.12\neo4j-cypher-planner-spi-3.4-3.4.12.jar;D:\maven\apache-maven-3.6.1\repository\org\neo4j\neo4j-legacy\3.5.5\neo4j-legacy-3.5.5.jar;D:\maven\apache-maven-3.6.1\repository\org\neo4j\neo4j-util-3.5\3.5.5\neo4j-util-3.5-3.5.5.jar;D:\maven\apache-maven-3.6.1\repository\org\neo4j\neo4j-cypher-planner-3.5\3.5.5\neo4j-cypher-planner-3.5-3.5.5.jar;D:\maven\apache-maven-3.6.1\repository\org\neo4j\neo4j-cypher-ir-3.5\3.5.5\neo4j-cypher-ir-3.5-3.5.5.jar;D:\maven\apache-maven-3.6.1\repository\org\neo4j\neo4j-front-end-3.5\3.5.5\neo4j-front-end-3.5-3.5.5.jar;D:\maven\apache-maven-3.6.1\repository\org\neo4j\neo4j-cypher-logical-plans-3.5\3.5.5\neo4j-cypher-logical-plans-3.5-3.5.5.jar;D:\maven\apache-maven-3.6.1\repository\org\neo4j\neo4j-cypher-planner-spi-3.5\3.5.5\neo4j-cypher-planner-spi-3.5-3.5.5.jar;D:\maven\apache-maven-3.6.1\repository\org\neo4j\neo4j-cypher-runtime-util\3.5.5\neo4j-cypher-runtime-util-3.5.5.jar;D:\maven\apache-maven-3.6.1\repository\org\neo4j\neo4j-cypher-interpreted-runtime\3.5.5\neo4j-cypher-interpreted-runtime-3.5.5.jar;D:\maven\apache-maven-3.6.1\repository\org\parboiled\parboiled-scala_2.11\1.1.7\parboiled-scala_2.11-1.1.7.jar;D:\maven\apache-maven-3.6.1\repository\org\parboiled\parboiled-core\1.1.7\parboiled-core-1.1.7.jar;D:\maven\apache-maven-3.6.1\repository\net\sf\opencsv\opencsv\2.3\opencsv-2.3.jar;D:\maven\apache-maven-3.6.1\repository\org\apache\commons\commons-lang3\3.8\commons-lang3-3.8.jar;D:\maven\apache-maven-3.6.1\repository\org\neo4j\neo4j-jmx\3.5.5\neo4j-jmx-3.5.5.jar;D:\maven\apache-maven-3.6.1\repository\org\neo4j\neo4j-bolt\3.5.5\neo4j-bolt-3.5.5.jar;D:\maven\apache-maven-3.6.1\repository\io\netty\netty-all\4.1.32.Final\netty-all-4.1.32.Final.jar;D:\maven\apache-maven-3.6.1\repository\org\bouncycastle\bcpkix-jdk15on\1.60\bcpkix-jdk15on-1.60.jar;D:\maven\apache-maven-3.6.1\repository\org\bouncycastle\bcprov-jdk15on\1.60\bcprov-jdk15on-1.60.jar;D:\maven\apache-maven-3.6.1\repository\org\neo4j\neo4j-consistency-check\3.5.5\neo4j-consistency-check-3.5.5.jar;D:\maven\apache-maven-3.6.1\repository\org\neo4j\neo4j-command-line\3.5.5\neo4j-command-line-3.5.5.jar;D:\maven\apache-maven-3.6.1\repository\org\neo4j\neo4j-dbms\3.5.5\neo4j-dbms-3.5.5.jar;D:\maven\apache-maven-3.6.1\repository\org\neo4j\neo4j-import-tool\3.5.5\neo4j-import-tool-3.5.5.jar;D:\maven\apache-maven-3.6.1\repository\org\jprocesses\jProcesses\1.6.4\jProcesses-1.6.4.jar;D:\maven\apache-maven-3.6.1\repository\com\profesorfalken\WMI4Java\1.6.1\WMI4Java-1.6.1.jar;D:\maven\apache-maven-3.6.1\repository\com\profesorfalken\jPowerShell\1.9\jPowerShell-1.9.jar;D:\maven\apache-maven-3.6.1\repository\org\apache\commons\commons-compress\1.18\commons-compress-1.18.jar;D:\maven\apache-maven-3.6.1\repository\org\neo4j\licensing-proxy\zstd-proxy\3.5.5\zstd-proxy-3.5.5.jar;D:\maven\apache-maven-3.6.1\repository\com\github\luben\zstd-jni\1.3.8-6\zstd-jni-1.3.8-6.jar;D:\java\jdk 8.0\jre\..\lib\tools.jar;D:\maven\apache-maven-3.6.1\repository\org\neo4j\driver\neo4j-java-driver\4.3.5\neo4j-java-driver-4.3.5.jar;D:\maven\apache-maven-3.6.1\repository\org\reactivestreams\reactive-streams\1.0.3\reactive-streams-1.0.3.jar;D:\maven\apache-maven-3.6.1\repository\junit\junit\4.8.2\junit-4.8.2.jar;D:\maven\apache-maven-3.6.1\repository\net\sf\jung\jung-graph-impl\2.0.1\jung-graph-impl-2.0.1.jar;D:\maven\apache-maven-3.6.1\repository\net\sf\jung\jung-api\2.0.1\jung-api-2.0.1.jar;D:\maven\apache-maven-3.6.1\repository\net\sourceforge\collections\collections-generic\4.01\collections-generic-4.01.jar;D:\maven\apache-maven-3.6.1\repository\org\junit\jupiter\junit-jupiter\5.11.0-M2\junit-jupiter-5.11.0-M2.jar;D:\maven\apache-maven-3.6.1\repository\org\junit\jupiter\junit-jupiter-api\5.11.0-M2\junit-jupiter-api-5.11.0-M2.jar;D:\maven\apache-maven-3.6.1\repository\org\opentest4j\opentest4j\1.3.0\opentest4j-1.3.0.jar;D:\maven\apache-maven-3.6.1\repository\org\junit\platform\junit-platform-commons\1.11.0-M2\junit-platform-commons-1.11.0-M2.jar;D:\maven\apache-maven-3.6.1\repository\org\apiguardian\apiguardian-api\1.1.2\apiguardian-api-1.1.2.jar;D:\maven\apache-maven-3.6.1\repository\org\junit\jupiter\junit-jupiter-params\5.11.0-M2\junit-jupiter-params-5.11.0-M2.jar;D:\maven\apache-maven-3.6.1\repository\org\junit\jupiter\junit-jupiter-engine\5.11.0-M2\junit-jupiter-engine-5.11.0-M2.jar;D:\maven\apache-maven-3.6.1\repository\org\junit\platform\junit-platform-engine\1.11.0-M2\junit-platform-engine-1.11.0-M2.jar;"/>
    <property name="sun.cpu.endian" value="little"/>
    <property name="user.home" value="C:\Users\30990"/>
    <property name="user.language" value="zh"/>
    <property name="java.specification.vendor" value="Oracle Corporation"/>
    <property name="java.home" value="D:\java\jdk 8.0\jre"/>
    <property name="basedir" value="D:\722\code\ESM-4.0"/>
    <property name="file.separator" value="\"/>
    <property name="line.separator" value="&#10;"/>
    <property name="java.vm.specification.vendor" value="Oracle Corporation"/>
    <property name="java.specification.name" value="Java Platform API Specification"/>
    <property name="java.awt.graphicsenv" value="sun.awt.Win32GraphicsEnvironment"/>
    <property name="surefire.real.class.path" value="C:\Users\30990\AppData\Local\Temp\surefire3950442167329028015\surefirebooter1928876675823279928.jar"/>
    <property name="sun.boot.class.path" value="D:\java\jdk 8.0\jre\lib\resources.jar;D:\java\jdk 8.0\jre\lib\rt.jar;D:\java\jdk 8.0\jre\lib\jsse.jar;D:\java\jdk 8.0\jre\lib\jce.jar;D:\java\jdk 8.0\jre\lib\charsets.jar;D:\java\jdk 8.0\jre\lib\jfr.jar;D:\java\jdk 8.0\jre\classes"/>
    <property name="user.script" value=""/>
    <property name="sun.management.compiler" value="HotSpot 64-Bit Tiered Compilers"/>
    <property name="java.runtime.version" value="1.8.0_351-b10"/>
    <property name="user.name" value="30990"/>
    <property name="path.separator" value=";"/>
    <property name="os.version" value="10.0"/>
    <property name="java.endorsed.dirs" value="D:\java\jdk 8.0\jre\lib\endorsed"/>
    <property name="java.runtime.name" value="Java(TM) SE Runtime Environment"/>
    <property name="file.encoding" value="GBK"/>
    <property name="java.vm.name" value="Java HotSpot(TM) 64-Bit Server VM"/>
    <property name="localRepository" value="D:\maven\apache-maven-3.6.1\repository"/>
    <property name="java.vendor.url.bug" value="http://bugreport.sun.com/bugreport/"/>
    <property name="java.io.tmpdir" value="C:\Users\30990\AppData\Local\Temp\"/>
    <property name="idea.version" value="2022.3.2"/>
    <property name="java.version" value="1.8.0_351"/>
    <property name="user.dir" value="D:\722\code\ESM-4.0"/>
    <property name="os.arch" value="amd64"/>
    <property name="java.vm.specification.name" value="Java Virtual Machine Specification"/>
    <property name="java.awt.printerjob" value="sun.awt.windows.WPrinterJob"/>
    <property name="sun.os.patch.level" value=""/>
    <property name="java.library.path" value="D:\java\jdk 8.0\jre\bin;C:\Windows\Sun\Java\bin;C:\Windows\system32;C:\Windows;D:\Anaconda3\condabin;C:\Windows\system32;C:\Windows;C:\Windows\System32\Wbem;C:\Windows\System32\WindowsPowerShell\v1.0\;C:\Windows\System32\OpenSSH\;C:\Program Files (x86)\dotnet\;C:\Program Files\NVIDIA Corporation\NVIDIA NvDLISR;C:\Program Files (x86)\NVIDIA Corporation\PhysX\Common;D:\java\jdk 8.0\bin;D:\java\jdk 8.0\jre\bin;D:\maven\apache-maven-3.6.1\bin;D:\anaconda\Scripts;D:\anaconda;D:\anaconda\Library\bin;D:\anaconda\Library\mingw-w64\bin;D:\GIT\Git\cmd;C:\Program Files\dotnet\;D:\MSVC\VC\Tools\MSVC\14.39.33321\bin\Hostx64\x64;C:\Program Files\Microsoft VS Code\bin;D:\Neo4j-3.3.5\neo4j-community-3.5.5\bin;C:\Program Files (x86)\Windows Kits\10\Windows Performance Toolkit\;D:\ChromeDriver\chromedriver-win64;D:\CeTex\CTEX\UserData\miktex\bin;D:\CeTex\CTEX\MiKTeX\miktex\bin\x64;D:\CeTex\CTEX\CTeX\ctex\bin;D:\CeTex\CTEX\CTeX\cct\bin;D:\CeTex\CTEX\CTeX\ty\bin;D:\CeTex\CTEX\Ghostscript\gs10.01.1\bin;D:\CeTex\CTEX\WinEdt;C:\Users\30990\.cargo\bin;C:\Users\30990\AppData\Local\Microsoft\WindowsApps;C:\Users\30990\.dotnet\tools;D:\Tencent\QQGameTempest\Hall.58183\;."/>
    <property name="java.vm.info" value="mixed mode"/>
    <property name="java.vendor" value="Oracle Corporation"/>
    <property name="java.vm.version" value="25.351-b10"/>
    <property name="java.specification.maintenance.version" value="4"/>
    <property name="java.ext.dirs" value="D:\java\jdk 8.0\jre\lib\ext;C:\Windows\Sun\Java\lib\ext"/>
    <property name="sun.io.unicode.encoding" value="UnicodeLittle"/>
    <property name="java.class.version" value="52.0"/>
  </properties>
  <testcase name="testComplexSubgraphMatching" classname="edu.ucdenver.ccp.esm.ESMTest" time="0.032"/>
  <testcase name="testSubgraphLargerThanGraph" classname="edu.ucdenver.ccp.esm.ESMTest" time="0"/>
  <testcase name="testComplexSubgraphMatchingMultipleResults" classname="edu.ucdenver.ccp.esm.ESMTest" time="0.004"/>
  <testcase name="testSubgraphNoMatch" classname="edu.ucdenver.ccp.esm.ESMTest" time="0.001"/>
  <testcase name="testSubgraphMatchingWithNeo4j" classname="edu.ucdenver.ccp.esm.ESMTest" time="1.168"/>
</testsuite>